app/build/outputs/logs/manifest-merger-debug-report.txt
-- Merging decision tree log ---
manifest
ADDED from src/main/AndroidManifest.xml:2:1-59:12
	package
		ADDED from src/main/AndroidManifest.xml:3:5-34
		INJECTED from src/main/AndroidManifest.xml
		INJECTED from src/main/AndroidManifest.xml
	android:versionName
		ADDED from src/main/AndroidManifest.xml:5:5-30
		INJECTED from src/main/AndroidManifest.xml
		INJECTED from src/main/AndroidManifest.xml
	android:versionCode
		ADDED from src/main/AndroidManifest.xml:4:5-28
		INJECTED from src/main/AndroidManifest.xml
		INJECTED from src/main/AndroidManifest.xml
	xmlns:android
		ADDED from src/main/AndroidManifest.xml:2:11-69
uses-sdk
ADDED from src/main/AndroidManifest.xml:7:5-9:41
MERGED from [com.android.support:appcompat-v7:22.2.1] AndroidManifest.xml:20:5-43
MERGED from [com.android.support:support-v4:22.2.1] AndroidManifest.xml:20:5-43
MERGED from [com.android.support:palette-v7:22.2.1] AndroidManifest.xml:20:5-43
MERGED from [com.android.support:support-v4:22.2.1] AndroidManifest.xml:20:5-43
MERGED from [com.android.support:support-v4:22.2.1] AndroidManifest.xml:20:5-43
	android:targetSdkVersion
		ADDED from src/main/AndroidManifest.xml:9:9-38
		INJECTED from src/main/AndroidManifest.xml
		INJECTED from src/main/AndroidManifest.xml
	android:minSdkVersion
		ADDED from src/main/AndroidManifest.xml:8:9-35
		INJECTED from src/main/AndroidManifest.xml
		INJECTED from src/main/AndroidManifest.xml
application
ADDED from src/main/AndroidManifest.xml:11:5-55:19
MERGED from [com.android.support:appcompat-v7:22.2.1] AndroidManifest.xml:22:5-20
MERGED from [com.android.support:support-v4:22.2.1] AndroidManifest.xml:22:5-20
MERGED from [com.android.support:palette-v7:22.2.1] AndroidManifest.xml:22:5-23:19
MERGED from [com.android.support:support-v4:22.2.1] AndroidManifest.xml:22:5-20
MERGED from [com.android.support:support-v4:22.2.1] AndroidManifest.xml:22:5-20
	android:label
		ADDED from src/main/AndroidManifest.xml:14:9-41
	android:allowBackup
		ADDED from src/main/AndroidManifest.xml:12:9-35
	android:icon
		ADDED from src/main/AndroidManifest.xml:13:9-41
	android:theme
		ADDED from src/main/AndroidManifest.xml:15:9-40
activity#com.example.toolbar.ReaderActivity
ADDED from src/main/AndroidManifest.xml:16:9-28:20
	android:screenOrientation
		ADDED from src/main/AndroidManifest.xml:20:13-49
	android:label
		ADDED from src/main/AndroidManifest.xml:18:13-45
	android:configChanges
		ADDED from src/main/AndroidManifest.xml:19:13-74
	android:theme
		ADDED from src/main/AndroidManifest.xml:21:13-60
	android:name
		ADDED from src/main/AndroidManifest.xml:17:13-43
intent-filter#android.intent.action.MAIN+android.intent.category.LAUNCHER
ADDED from src/main/AndroidManifest.xml:23:13-26:29
action#android.intent.action.MAIN
ADDED from src/main/AndroidManifest.xml:24:17-69
	android:name
		ADDED from src/main/AndroidManifest.xml:24:25-66
category#android.intent.category.LAUNCHER
ADDED from src/main/AndroidManifest.xml:25:17-77
	android:name
		ADDED from src/main/AndroidManifest.xml:25:27-74
activity#com.example.toolbar.MainActivity
ADDED from src/main/AndroidManifest.xml:30:9-34:23
	android:screenOrientation
		ADDED from src/main/AndroidManifest.xml:33:14-50
	android:theme
		ADDED from src/main/AndroidManifest.xml:32:13-60
	android:name
		ADDED from src/main/AndroidManifest.xml:31:13-60
activity#com.example.toolbar.AboutUsActivity
ADDED from src/main/AndroidManifest.xml:35:12-38:23
	android:theme
		ADDED from src/main/AndroidManifest.xml:36:13-60
	android:name
		ADDED from src/main/AndroidManifest.xml:37:13-63
activity#com.huee.booksRead.BookActivity
ADDED from src/main/AndroidManifest.xml:39:9-41:23
	android:name
		ADDED from src/main/AndroidManifest.xml:40:13-59
activity#com.huee.booksRead.BookActivity2
ADDED from src/main/AndroidManifest.xml:42:12-44:23
	android:name
		ADDED from src/main/AndroidManifest.xml:43:13-60
activity#com.huee.booksRead.SetingActivity
ADDED from src/main/AndroidManifest.xml:45:13-47:23
	android:name
		ADDED from src/main/AndroidManifest.xml:46:13-61
activity#com.huee.booksRead.SuggestActivity
ADDED from src/main/AndroidManifest.xml:49:13-51:23
	android:name
		ADDED from src/main/AndroidManifest.xml:50:13-62
activity#com.huee.booksRead.author
ADDED from src/main/AndroidManifest.xml:52:12-54:23
	android:name
		ADDED from src/main/AndroidManifest.xml:53:13-53
uses-permission#android.permission.WRITE_EXTERNAL_STORAGE
ADDED from src/main/AndroidManifest.xml:56:5-80
	android:name
		ADDED from src/main/AndroidManifest.xml:56:22-78
uses-permission#android.permission.WRITE_SETTINGS
ADDED from src/main/AndroidManifest.xml:57:4-71
	android:name
		ADDED from src/main/AndroidManifest.xml:57:21-69